This is pdfTeXk, Version 3.141592-1.40.3 (Web2C 7.5.6) (format=latex 2010.1.4)  5 JAN 2010 14:18
entering extended mode
 %&-line parsing enabled.
**Article
(./Article.tex
LaTeX2e <2005/12/01>
Babel <v3.8h> and hyphenation patterns for english, usenglishmax, dumylang, noh
yphenation, loaded.
(/usr/share/texmf-texlive/tex/latex/base/article.cls
Document Class: article 2005/09/16 v1.4f Standard LaTeX document class
(/usr/share/texmf-texlive/tex/latex/base/size10.clo
File: size10.clo 2005/09/16 v1.4f Standard LaTeX file (size option)
)
\c@part=\count79
\c@section=\count80
\c@subsection=\count81
\c@subsubsection=\count82
\c@paragraph=\count83
\c@subparagraph=\count84
\c@figure=\count85
\c@table=\count86
\abovecaptionskip=\skip41
\belowcaptionskip=\skip42
\bibindent=\dimen102
)
(/usr/share/texmf-texlive/tex/latex/amsmath/amsmath.sty
Package: amsmath 2000/07/18 v2.13 AMS math features
\@mathmargin=\skip43

For additional information on amsmath, use the `?' option.
(/usr/share/texmf-texlive/tex/latex/amsmath/amstext.sty
Package: amstext 2000/06/29 v2.01

(/usr/share/texmf-texlive/tex/latex/amsmath/amsgen.sty
File: amsgen.sty 1999/11/30 v2.0
\@emptytoks=\toks14
\ex@=\dimen103
))
(/usr/share/texmf-texlive/tex/latex/amsmath/amsbsy.sty
Package: amsbsy 1999/11/29 v1.2d
\pmbraise@=\dimen104
)
(/usr/share/texmf-texlive/tex/latex/amsmath/amsopn.sty
Package: amsopn 1999/12/14 v2.01 operator names
)
\inf@bad=\count87
LaTeX Info: Redefining \frac on input line 211.
\uproot@=\count88
\leftroot@=\count89
LaTeX Info: Redefining \overline on input line 307.
\classnum@=\count90
\DOTSCASE@=\count91
LaTeX Info: Redefining \ldots on input line 379.
LaTeX Info: Redefining \dots on input line 382.
LaTeX Info: Redefining \cdots on input line 467.
\Mathstrutbox@=\box26
\strutbox@=\box27
\big@size=\dimen105
LaTeX Font Info:    Redeclaring font encoding OML on input line 567.
LaTeX Font Info:    Redeclaring font encoding OMS on input line 568.
\macc@depth=\count92
\c@MaxMatrixCols=\count93
\dotsspace@=\muskip10
\c@parentequation=\count94
\dspbrk@lvl=\count95
\tag@help=\toks15
\row@=\count96
\column@=\count97
\maxfields@=\count98
\andhelp@=\toks16
\eqnshift@=\dimen106
\alignsep@=\dimen107
\tagshift@=\dimen108
\tagwidth@=\dimen109
\totwidth@=\dimen110
\lineht@=\dimen111
\@envbody=\toks17
\multlinegap=\skip44
\multlinetaggap=\skip45
\mathdisplay@stack=\toks18
LaTeX Info: Redefining \[ on input line 2666.
LaTeX Info: Redefining \] on input line 2667.
)
(/usr/share/texmf-texlive/tex/latex/setspace/setspace.sty
Package: setspace 2000/12/01 6.7 Contributed and Supported LaTeX2e package

Package: `setspace' 6.7 <2000/12/01>
) (/usr/share/texmf-texlive/tex/latex/graphics/graphicx.sty
Package: graphicx 1999/02/16 v1.0f Enhanced LaTeX Graphics (DPC,SPQR)

(/usr/share/texmf-texlive/tex/latex/graphics/keyval.sty
Package: keyval 1999/03/16 v1.13 key=value parser (DPC)
\KV@toks@=\toks19
)
(/usr/share/texmf-texlive/tex/latex/graphics/graphics.sty
Package: graphics 2006/02/20 v1.0o Standard LaTeX Graphics (DPC,SPQR)

(/usr/share/texmf-texlive/tex/latex/graphics/trig.sty
Package: trig 1999/03/16 v1.09 sin cos tan (DPC)
)
(/etc/texmf/tex/latex/config/graphics.cfg
File: graphics.cfg 2007/01/18 v1.5 graphics configuration of teTeX/TeXLive
)
Package graphics Info: Driver file: pdftex.def on input line 90.

(/usr/share/texmf-texlive/tex/latex/pdftex-def/pdftex.def
File: pdftex.def 2007/01/08 v0.04d Graphics/color for pdfTeX
\Gread@gobject=\count99
))
\Gin@req@height=\dimen112
\Gin@req@width=\dimen113
) (./ccaption.sty
Package: ccaption 2001/03/15 v3.0 Extended captioning and new floats
\@contcwidth=\skip46
\@contindw=\skip47
\abovelegendskip=\skip48
\belowlegendskip=\skip49
\c@newflo@tctr=\count100
)
(/usr/share/texmf-texlive/tex/latex/natbib/natbib.sty
Package: natbib 2007/02/05 8.0 (PWD)
\bibhang=\skip50
\bibsep=\skip51
LaTeX Info: Redefining \cite on input line 602.
\c@NAT@ctr=\count101
) (./Article.aux
(./ComputationalOverview.aux) (./ComputationalMethods.aux)
(./Results-Density.aux) (./Results-Orientation-2D.aux)
(./Results-Orientation-OrderParams.aux) (./Results-SFG.aux))
\openout1 = `Article.aux'.

LaTeX Font Info:    Checking defaults for OML/cmm/m/it on input line 34.
LaTeX Font Info:    ... okay on input line 34.
LaTeX Font Info:    Checking defaults for T1/cmr/m/n on input line 34.
LaTeX Font Info:    ... okay on input line 34.
LaTeX Font Info:    Checking defaults for OT1/cmr/m/n on input line 34.
LaTeX Font Info:    ... okay on input line 34.
LaTeX Font Info:    Checking defaults for OMS/cmsy/m/n on input line 34.
LaTeX Font Info:    ... okay on input line 34.
LaTeX Font Info:    Checking defaults for OMX/cmex/m/n on input line 34.
LaTeX Font Info:    ... okay on input line 34.
LaTeX Font Info:    Checking defaults for U/cmr/m/n on input line 34.
LaTeX Font Info:    ... okay on input line 34.
\openout2 = `ComputationalOverview.aux'.


(./ComputationalOverview.tex

Package natbib Warning: Citation `Someone' on page 1 undefined on input line 44
.

[1


{/var/lib/texmf/fonts/map/pdftex/updmap/pdftex.map}]
<images/water-angles.png, id=12, 994.114pt x 590.205pt>
File: images/water-angles.png Graphic file (type png)

<use images/water-angles.png> [2 <./images/water-angles.png>]) [3]
\openout2 = `ComputationalMethods.aux'.


(./ComputationalMethods.tex) [4


]
\openout2 = `Results-Density.aux'.

 (./Results-Density.tex
<images/densities.png, id=30, 2749.472pt x 1554.608pt>
File: images/densities.png Graphic file (type png)

<use images/densities.png>

LaTeX Warning: Command \r invalid in math mode on input line 6.


LaTeX Warning: Command \r invalid in math mode on input line 6.


LaTeX Warning: Command \r invalid in math mode on input line 11.


LaTeX Warning: Command \r invalid in math mode on input line 11.

[5


 <./images/densities.png>]

LaTeX Warning: Command \r invalid in math mode on input line 31.

[6]) [7] [8]
\openout2 = `Results-Orientation-2D.aux'.

 (./Results-Orientation-2D.tex
<images/h2o-2dhistograms.png, id=47, 1734.48pt x 985.0401pt>
File: images/h2o-2dhistograms.png Graphic file (type png)

<use images/h2o-2dhistograms.png>) [9


 <./images/h2o-2dhistograms.png>]
\openout2 = `Results-Orientation-OrderParams.aux'.


(./Results-Orientation-OrderParams.tex) [10


]
\openout2 = `Results-SFG.aux'.

 (./Results-SFG.tex
<images/sfg-spectra.png, id=55, 1840.476pt x 1016.598pt>
File: images/sfg-spectra.png Graphic file (type png)

<use images/sfg-spectra.png>) [11


 <./images/sfg-spectra.png>] (./Article.bbl
[12

])

Package natbib Warning: There were undefined citations.

[13] (./Article.aux (./ComputationalOverview.aux) (./ComputationalMethods.aux)
(./Results-Density.aux) (./Results-Orientation-2D.aux)
(./Results-Orientation-OrderParams.aux) (./Results-SFG.aux)) ) 
Here is how much of TeX's memory you used:
 1755 strings out of 95087
 21482 string characters out of 1183279
 80748 words of memory out of 1500000
 4895 multiletter control sequences out of 10000+50000
 10398 words of font info for 37 fonts, out of 1200000 for 2000
 28 hyphenation exceptions out of 8191
 27i,8n,32p,3261b,356s stack positions out of 5000i,500n,6000p,200000b,5000s
</usr/share/texmf
-texlive/fonts/type1/bluesky/cm/cmbx10.pfb></usr/share/texmf-texlive/fonts/type
1/bluesky/cm/cmbx12.pfb></usr/share/texmf-texlive/fonts/type1/bluesky/cm/cmbx7.
pfb></usr/share/texmf-texlive/fonts/type1/bluesky/cm/cmex10.pfb></usr/share/tex
mf-texlive/fonts/type1/bluesky/cm/cmmi10.pfb></usr/share/texmf-texlive/fonts/ty
pe1/bluesky/cm/cmmi7.pfb></usr/share/texmf-texlive/fonts/type1/bluesky/cm/cmmi9
.pfb></usr/share/texmf-texlive/fonts/type1/bluesky/cm/cmr10.pfb></usr/share/tex
mf-texlive/fonts/type1/bluesky/cm/cmr5.pfb></usr/share/texmf-texlive/fonts/type
1/bluesky/cm/cmr6.pfb></usr/share/texmf-texlive/fonts/type1/bluesky/cm/cmr7.pfb
></usr/share/texmf-texlive/fonts/type1/bluesky/cm/cmr9.pfb></usr/share/texmf-te
xlive/fonts/type1/bluesky/cm/cmsl10.pfb></usr/share/texmf-texlive/fonts/type1/b
luesky/cm/cmss8.pfb></usr/share/texmf-texlive/fonts/type1/bluesky/cm/cmss9.pfb>
</usr/share/texmf-texlive/fonts/type1/bluesky/cm/cmsy10.pfb></usr/share/texmf-t
exlive/fonts/type1/bluesky/cm/cmsy7.pfb></usr/share/texmf-texlive/fonts/type1/b
luesky/cm/cmsy9.pfb></usr/share/texmf-texlive/fonts/type1/bluesky/cm/cmti10.pfb
>
Output written on Article.pdf (13 pages, 2914456 bytes).
PDF statistics:
 129 PDF objects out of 1000 (max. 8388607)
 0 named destinations out of 1000 (max. 131072)
 21 words of extra memory for PDF output out of 10000 (max. 10000000)

